[2022-11-07 18:23:41] local.ERROR: Attempt to read property "id" on null {"exception":"[object] (ErrorException(code: 0): Attempt to read property \"id\" on null at /var/www/vhosts/emolimo.savvyhost.co/httpdocs/framework/app/Http/Controllers/FrontEnd/HomeController.php:488)
[stacktrace]
#0 /var/www/vhosts/emolimo.savvyhost.co/httpdocs/framework/app/Http/Controllers/FrontEnd/HomeController.php(488): Illuminate\\Foundation\\Bootstrap\\HandleExceptions->handleError()
#1 /var/www/vhosts/emolimo.savvyhost.co/httpdocs/framework/vendor/laravel/framework/src/Illuminate/Routing/Controller.php(54): App\\Http\\Controllers\\FrontEnd\\HomeController->StoreBookingAndCustomer()
#2 /var/www/vhosts/emolimo.savvyhost.co/httpdocs/framework/vendor/laravel/framework/src/Illuminate/Routing/ControllerDispatcher.php(45): Illuminate\\Routing\\Controller->callAction()
#3 /var/www/vhosts/emolimo.savvyhost.co/httpdocs/framework/vendor/laravel/framework/src/Illuminate/Routing/Route.php(262): Illuminate\\Routing\\ControllerDispatcher->dispatch()
#4 /var/www/vhosts/emolimo.savvyhost.co/httpdocs/framework/vendor/laravel/framework/src/Illuminate/Routing/Route.php(205): Illuminate\\Routing\\Route->runController()
#5 /var/www/vhosts/emolimo.savvyhost.co/httpdocs/framework/vendor/laravel/framework/src/Illuminate/Routing/Router.php(721): Illuminate\\Routing\\Route->run()
#6 /var/www/vhosts/emolimo.savvyhost.co/httpdocs/framework/vendor/laravel/framework/src/Illuminate/Pipeline/Pipeline.php(128): Illuminate\\Routing\\Router->Illuminate\\Routing\\{closure}()
#7 /var/www/vhosts/emolimo.savvyhost.co/httpdocs/framework/app/Http/Middleware/CheckFrontEnable.php(31): Illuminate\\Pipeline\\Pipeline->Illuminate\\Pipeline\\{closure}()
#8 /var/www/vhosts/emolimo.savvyhost.co/httpdocs/framework/vendor/laravel/framework/src/Illuminate/Pipeline/Pipeline.php(167): App\\Http\\Middleware\\CheckFrontEnable->handle()
#9 /var/www/vhosts/emolimo.savvyhost.co/httpdocs/framework/app/Http/Middleware/SetLocaleUser.php(36): Illuminate\\Pipeline\\Pipeline->Illuminate\\Pipeline\\{closure}()
#10 /var/www/vhosts/emolimo.savvyhost.co/httpdocs/framework/vendor/laravel/framework/src/Illuminate/Pipeline/Pipeline.php(167): App\\Http\\Middleware\\SetLocaleUser->handle()
#11 /var/www/vhosts/emolimo.savvyhost.co/httpdocs/framework/app/Http/Middleware/IsInstalled.php(31): Illuminate\\Pipeline\\Pipeline->Illuminate\\Pipeline\\{closure}()
#12 /var/www/vhosts/emolimo.savvyhost.co/httpdocs/framework/vendor/laravel/framework/src/Illuminate/Pipeline/Pipeline.php(167): App\\Http\\Middleware\\IsInstalled->handle()
#13 /var/www/vhosts/emolimo.savvyhost.co/httpdocs/framework/vendor/laravel/framework/src/Illuminate/Routing/Middleware/SubstituteBindings.php(50): Illuminate\\Pipeline\\Pipeline->Illuminate\\Pipeline\\{closure}()
#14 /var/www/vhosts/emolimo.savvyhost.co/httpdocs/framework/vendor/laravel/framework/src/Illuminate/Pipeline/Pipeline.php(167): Illuminate\\Routing\\Middleware\\SubstituteBindings->handle()
#15 /var/www/vhosts/emolimo.savvyhost.co/httpdocs/framework/vendor/laravel/framework/src/Illuminate/Foundation/Http/Middleware/VerifyCsrfToken.php(78): Illuminate\\Pipeline\\Pipeline->Illuminate\\Pipeline\\{closure}()
#16 /var/www/vhosts/emolimo.savvyhost.co/httpdocs/framework/vendor/laravel/framework/src/Illuminate/Pipeline/Pipeline.php(167): Illuminate\\Foundation\\Http\\Middleware\\VerifyCsrfToken->handle()
#17 /var/www/vhosts/emolimo.savvyhost.co/httpdocs/framework/vendor/laravel/framework/src/Illuminate/View/Middleware/ShareErrorsFromSession.php(49): Illuminate\\Pipeline\\Pipeline->Illuminate\\Pipeline\\{closure}()
#18 /var/www/vhosts/emolimo.savvyhost.co/httpdocs/framework/vendor/laravel/framework/src/Illuminate/Pipeline/Pipeline.php(167): Illuminate\\View\\Middleware\\ShareErrorsFromSession->handle()
#19 /var/www/vhosts/emolimo.savvyhost.co/httpdocs/framework/vendor/laravel/framework/src/Illuminate/Session/Middleware/StartSession.php(121): Illuminate\\Pipeline\\Pipeline->Illuminate\\Pipeline\\{closure}()
#20 /var/www/vhosts/emolimo.savvyhost.co/httpdocs/framework/vendor/laravel/framework/src/Illuminate/Session/Middleware/StartSession.php(64): Illuminate\\Session\\Middleware\\StartSession->handleStatefulRequest()
#21 /var/www/vhosts/emolimo.savvyhost.co/httpdocs/framework/vendor/laravel/framework/src/Illuminate/Pipeline/Pipeline.php(167): Illuminate\\Session\\Middleware\\StartSession->handle()
#22 /var/www/vhosts/emolimo.savvyhost.co/httpdocs/framework/vendor/laravel/framework/src/Illuminate/Cookie/Middleware/AddQueuedCookiesToResponse.php(37): Illuminate\\Pipeline\\Pipeline->Illuminate\\Pipeline\\{closure}()
#23 /var/www/vhosts/emolimo.savvyhost.co/httpdocs/framework/vendor/laravel/framework/src/Illuminate/Pipeline/Pipeline.php(167): Illuminate\\Cookie\\Middleware\\AddQueuedCookiesToResponse->handle()
#24 /var/www/vhosts/emolimo.savvyhost.co/httpdocs/framework/vendor/laravel/framework/src/Illuminate/Cookie/Middleware/EncryptCookies.php(67): Illuminate\\Pipeline\\Pipeline->Illuminate\\Pipeline\\{closure}()
#25 /var/www/vhosts/emolimo.savvyhost.co/httpdocs/framework/vendor/laravel/framework/src/Illuminate/Pipeline/Pipeline.php(167): Illuminate\\Cookie\\Middleware\\EncryptCookies->handle()
#26 /var/www/vhosts/emolimo.savvyhost.co/httpdocs/framework/vendor/laravel/framework/src/Illuminate/Pipeline/Pipeline.php(103): Illuminate\\Pipeline\\Pipeline->Illuminate\\Pipeline\\{closure}()
#27 /var/www/vhosts/emolimo.savvyhost.co/httpdocs/framework/vendor/laravel/framework/src/Illuminate/Routing/Router.php(723): Illuminate\\Pipeline\\Pipeline->then()
#28 /var/www/vhosts/emolimo.savvyhost.co/httpdocs/framework/vendor/laravel/framework/src/Illuminate/Routing/Router.php(698): Illuminate\\Routing\\Router->runRouteWithinStack()
#29 /var/www/vhosts/emolimo.savvyhost.co/httpdocs/framework/vendor/laravel/framework/src/Illuminate/Routing/Router.php(662): Illuminate\\Routing\\Router->runRoute()
#30 /var/www/vhosts/emolimo.savvyhost.co/httpdocs/framework/vendor/laravel/framework/src/Illuminate/Routing/Router.php(651): Illuminate\\Routing\\Router->dispatchToRoute()
#31 /var/www/vhosts/emolimo.savvyhost.co/httpdocs/framework/vendor/laravel/framework/src/Illuminate/Foundation/Http/Kernel.php(167): Illuminate\\Routing\\Router->dispatch()
#32 /var/www/vhosts/emolimo.savvyhost.co/httpdocs/framework/vendor/laravel/framework/src/Illuminate/Pipeline/Pipeline.php(128): Illuminate\\Foundation\\Http\\Kernel->Illuminate\\Foundation\\Http\\{closure}()
#33 /var/www/vhosts/emolimo.savvyhost.co/httpdocs/framework/vendor/laravel/framework/src/Illuminate/Foundation/Http/Middleware/TransformsRequest.php(21): Illuminate\\Pipeline\\Pipeline->Illuminate\\Pipeline\\{closure}()
#34 /var/www/vhosts/emolimo.savvyhost.co/httpdocs/framework/vendor/laravel/framework/src/Illuminate/Foundation/Http/Middleware/ConvertEmptyStringsToNull.php(31): Illuminate\\Foundation\\Http\\Middleware\\TransformsRequest->handle()
#35 /var/www/vhosts/emolimo.savvyhost.co/httpdocs/framework/vendor/laravel/framework/src/Illuminate/Pipeline/Pipeline.php(167): Illuminate\\Foundation\\Http\\Middleware\\ConvertEmptyStringsToNull->handle()
#36 /var/www/vhosts/emolimo.savvyhost.co/httpdocs/framework/vendor/laravel/framework/src/Illuminate/Foundation/Http/Middleware/TransformsRequest.php(21): Illuminate\\Pipeline\\Pipeline->Illuminate\\Pipeline\\{closure}()
#37 /var/www/vhosts/emolimo.savvyhost.co/httpdocs/framework/vendor/laravel/framework/src/Illuminate/Foundation/Http/Middleware/TrimStrings.php(40): Illuminate\\Foundation\\Http\\Middleware\\TransformsRequest->handle()
#38 /var/www/vhosts/emolimo.savvyhost.co/httpdocs/framework/vendor/laravel/framework/src/Illuminate/Pipeline/Pipeline.php(167): Illuminate\\Foundation\\Http\\Middleware\\TrimStrings->handle()
#39 /var/www/vhosts/emolimo.savvyhost.co/httpdocs/framework/vendor/laravel/framework/src/Illuminate/Foundation/Http/Middleware/ValidatePostSize.php(27): Illuminate\\Pipeline\\Pipeline->Illuminate\\Pipeline\\{closure}()
#40 /var/www/vhosts/emolimo.savvyhost.co/httpdocs/framework/vendor/laravel/framework/src/Illuminate/Pipeline/Pipeline.php(167): Illuminate\\Foundation\\Http\\Middleware\\ValidatePostSize->handle()
#41 /var/www/vhosts/emolimo.savvyhost.co/httpdocs/framework/vendor/laravel/framework/src/Illuminate/Foundation/Http/Middleware/PreventRequestsDuringMaintenance.php(86): Illuminate\\Pipeline\\Pipeline->Illuminate\\Pipeline\\{closure}()
#42 /var/www/vhosts/emolimo.savvyhost.co/httpdocs/framework/vendor/laravel/framework/src/Illuminate/Pipeline/Pipeline.php(167): Illuminate\\Foundation\\Http\\Middleware\\PreventRequestsDuringMaintenance->handle()
#43 /var/www/vhosts/emolimo.savvyhost.co/httpdocs/framework/vendor/laravel/framework/src/Illuminate/Pipeline/Pipeline.php(103): Illuminate\\Pipeline\\Pipeline->Illuminate\\Pipeline\\{closure}()
#44 /var/www/vhosts/emolimo.savvyhost.co/httpdocs/framework/vendor/laravel/framework/src/Illuminate/Foundation/Http/Kernel.php(142): Illuminate\\Pipeline\\Pipeline->then()
#45 /var/www/vhosts/emolimo.savvyhost.co/httpdocs/framework/vendor/laravel/framework/src/Illuminate/Foundation/Http/Kernel.php(111): Illuminate\\Foundation\\Http\\Kernel->sendRequestThroughRouter()
#46 /var/www/vhosts/emolimo.savvyhost.co/httpdocs/index.php(10): Illuminate\\Foundation\\Http\\Kernel->handle()
#47 {main}
"} 
[2022-11-07 18:25:51] local.ERROR: Call to a member function count() on array (View: /var/www/vhosts/emolimo.savvyhost.co/httpdocs/framework/resources/views/frontend/booking_history.blade.php) {"view":{"view":"/var/www/vhosts/emolimo.savvyhost.co/httpdocs/framework/resources/views/frontend/booking_history.blade.php","data":{"errors":"<pre class=sf-dump id=sf-dump-1028276723 data-indent-pad=\"  \"><span class=sf-dump-note>Illuminate\\Support\\ViewErrorBag</span> {<a class=sf-dump-ref>#2084</a><samp data-depth=1 class=sf-dump-expanded>
  #<span class=sf-dump-protected title=\"Protected property\">bags</span>: []
</samp>}
</pre><script>Sfdump(\"sf-dump-1028276723\", {\"maxDepth\":3,\"maxStringLength\":160})</script>
","bookings":"<pre class=sf-dump id=sf-dump-1640416 data-indent-pad=\"  \">[]
</pre><script>Sfdump(\"sf-dump-1640416\", {\"maxDepth\":3,\"maxStringLength\":160})</script>
"}},"userId":12,"exception":"[object] (Facade\\Ignition\\Exceptions\\ViewException(code: 0): Call to a member function count() on array (View: /var/www/vhosts/emolimo.savvyhost.co/httpdocs/framework/resources/views/frontend/booking_history.blade.php) at /var/www/vhosts/emolimo.savvyhost.co/httpdocs/framework/resources/views/frontend/booking_history.blade.php:16)
[stacktrace]
#0 /var/www/vhosts/emolimo.savvyhost.co/httpdocs/framework/vendor/laravel/framework/src/Illuminate/Filesystem/Filesystem.php(107): require()
#1 /var/www/vhosts/emolimo.savvyhost.co/httpdocs/framework/vendor/laravel/framework/src/Illuminate/Filesystem/Filesystem.php(108): Illuminate\\Filesystem\\Filesystem::Illuminate\\Filesystem\\{closure}()
#2 /var/www/vhosts/emolimo.savvyhost.co/httpdocs/framework/vendor/laravel/framework/src/Illuminate/View/Engines/PhpEngine.php(58): Illuminate\\Filesystem\\Filesystem->getRequire()
#3 /var/www/vhosts/emolimo.savvyhost.co/httpdocs/framework/vendor/laravel/framework/src/Illuminate/View/Engines/CompilerEngine.php(61): Illuminate\\View\\Engines\\PhpEngine->evaluatePath()
#4 /var/www/vhosts/emolimo.savvyhost.co/httpdocs/framework/vendor/facade/ignition/src/Views/Engines/CompilerEngine.php(37): Illuminate\\View\\Engines\\CompilerEngine->get()
#5 /var/www/vhosts/emolimo.savvyhost.co/httpdocs/framework/vendor/laravel/framework/src/Illuminate/View/View.php(139): Facade\\Ignition\\Views\\Engines\\CompilerEngine->get()
#6 /var/www/vhosts/emolimo.savvyhost.co/httpdocs/framework/vendor/laravel/framework/src/Illuminate/View/View.php(122): Illuminate\\View\\View->getContents()
#7 /var/www/vhosts/emolimo.savvyhost.co/httpdocs/framework/vendor/laravel/framework/src/Illuminate/View/View.php(91): Illuminate\\View\\View->renderContents()
#8 /var/www/vhosts/emolimo.savvyhost.co/httpdocs/framework/vendor/laravel/framework/src/Illuminate/Http/Response.php(69): Illuminate\\View\\View->render()
#9 /var/www/vhosts/emolimo.savvyhost.co/httpdocs/framework/vendor/laravel/framework/src/Illuminate/Http/Response.php(35): Illuminate\\Http\\Response->setContent()
#10 /var/www/vhosts/emolimo.savvyhost.co/httpdocs/framework/vendor/laravel/framework/src/Illuminate/Routing/Router.php(820): Illuminate\\Http\\Response->__construct()
#11 /var/www/vhosts/emolimo.savvyhost.co/httpdocs/framework/vendor/laravel/framework/src/Illuminate/Routing/Router.php(789): Illuminate\\Routing\\Router::toResponse()
#12 /var/www/vhosts/emolimo.savvyhost.co/httpdocs/framework/vendor/laravel/framework/src/Illuminate/Routing/Router.php(721): Illuminate\\Routing\\Router->prepareResponse()
#13 /var/www/vhosts/emolimo.savvyhost.co/httpdocs/framework/vendor/laravel/framework/src/Illuminate/Pipeline/Pipeline.php(128): Illuminate\\Routing\\Router->Illuminate\\Routing\\{closure}()
#14 /var/www/vhosts/emolimo.savvyhost.co/httpdocs/framework/app/Http/Middleware/AuthUser.php(24): Illuminate\\Pipeline\\Pipeline->Illuminate\\Pipeline\\{closure}()
#15 /var/www/vhosts/emolimo.savvyhost.co/httpdocs/framework/vendor/laravel/framework/src/Illuminate/Pipeline/Pipeline.php(167): App\\Http\\Middleware\\AuthUser->handle()
#16 /var/www/vhosts/emolimo.savvyhost.co/httpdocs/framework/app/Http/Middleware/CheckFrontEnable.php(31): Illuminate\\Pipeline\\Pipeline->Illuminate\\Pipeline\\{closure}()
#17 /var/www/vhosts/emolimo.savvyhost.co/httpdocs/framework/vendor/laravel/framework/src/Illuminate/Pipeline/Pipeline.php(167): App\\Http\\Middleware\\CheckFrontEnable->handle()
#18 /var/www/vhosts/emolimo.savvyhost.co/httpdocs/framework/app/Http/Middleware/SetLocaleUser.php(36): Illuminate\\Pipeline\\Pipeline->Illuminate\\Pipeline\\{closure}()
#19 /var/www/vhosts/emolimo.savvyhost.co/httpdocs/framework/vendor/laravel/framework/src/Illuminate/Pipeline/Pipeline.php(167): App\\Http\\Middleware\\SetLocaleUser->handle()
#20 /var/www/vhosts/emolimo.savvyhost.co/httpdocs/framework/app/Http/Middleware/IsInstalled.php(31): Illuminate\\Pipeline\\Pipeline->Illuminate\\Pipeline\\{closure}()
#21 /var/www/vhosts/emolimo.savvyhost.co/httpdocs/framework/vendor/laravel/framework/src/Illuminate/Pipeline/Pipeline.php(167): App\\Http\\Middleware\\IsInstalled->handle()
#22 /var/www/vhosts/emolimo.savvyhost.co/httpdocs/framework/vendor/laravel/framework/src/Illuminate/Routing/Middleware/SubstituteBindings.php(50): Illuminate\\Pipeline\\Pipeline->Illuminate\\Pipeline\\{closure}()
#23 /var/www/vhosts/emolimo.savvyhost.co/httpdocs/framework/vendor/laravel/framework/src/Illuminate/Pipeline/Pipeline.php(167): Illuminate\\Routing\\Middleware\\SubstituteBindings->handle()
#24 /var/www/vhosts/emolimo.savvyhost.co/httpdocs/framework/vendor/laravel/framework/src/Illuminate/Foundation/Http/Middleware/VerifyCsrfToken.php(78): Illuminate\\Pipeline\\Pipeline->Illuminate\\Pipeline\\{closure}()
#25 /var/www/vhosts/emolimo.savvyhost.co/httpdocs/framework/vendor/laravel/framework/src/Illuminate/Pipeline/Pipeline.php(167): Illuminate\\Foundation\\Http\\Middleware\\VerifyCsrfToken->handle()
#26 /var/www/vhosts/emolimo.savvyhost.co/httpdocs/framework/vendor/laravel/framework/src/Illuminate/View/Middleware/ShareErrorsFromSession.php(49): Illuminate\\Pipeline\\Pipeline->Illuminate\\Pipeline\\{closure}()
#27 /var/www/vhosts/emolimo.savvyhost.co/httpdocs/framework/vendor/laravel/framework/src/Illuminate/Pipeline/Pipeline.php(167): Illuminate\\View\\Middleware\\ShareErrorsFromSession->handle()
#28 /var/www/vhosts/emolimo.savvyhost.co/httpdocs/framework/vendor/laravel/framework/src/Illuminate/Session/Middleware/StartSession.php(121): Illuminate\\Pipeline\\Pipeline->Illuminate\\Pipeline\\{closure}()
#29 /var/www/vhosts/emolimo.savvyhost.co/httpdocs/framework/vendor/laravel/framework/src/Illuminate/Session/Middleware/StartSession.php(64): Illuminate\\Session\\Middleware\\StartSession->handleStatefulRequest()
#30 /var/www/vhosts/emolimo.savvyhost.co/httpdocs/framework/vendor/laravel/framework/src/Illuminate/Pipeline/Pipeline.php(167): Illuminate\\Session\\Middleware\\StartSession->handle()
#31 /var/www/vhosts/emolimo.savvyhost.co/httpdocs/framework/vendor/laravel/framework/src/Illuminate/Cookie/Middleware/AddQueuedCookiesToResponse.php(37): Illuminate\\Pipeline\\Pipeline->Illuminate\\Pipeline\\{closure}()
#32 /var/www/vhosts/emolimo.savvyhost.co/httpdocs/framework/vendor/laravel/framework/src/Illuminate/Pipeline/Pipeline.php(167): Illuminate\\Cookie\\Middleware\\AddQueuedCookiesToResponse->handle()
#33 /var/www/vhosts/emolimo.savvyhost.co/httpdocs/framework/vendor/laravel/framework/src/Illuminate/Cookie/Middleware/EncryptCookies.php(67): Illuminate\\Pipeline\\Pipeline->Illuminate\\Pipeline\\{closure}()
#34 /var/www/vhosts/emolimo.savvyhost.co/httpdocs/framework/vendor/laravel/framework/src/Illuminate/Pipeline/Pipeline.php(167): Illuminate\\Cookie\\Middleware\\EncryptCookies->handle()
#35 /var/www/vhosts/emolimo.savvyhost.co/httpdocs/framework/vendor/laravel/framework/src/Illuminate/Pipeline/Pipeline.php(103): Illuminate\\Pipeline\\Pipeline->Illuminate\\Pipeline\\{closure}()
#36 /var/www/vhosts/emolimo.savvyhost.co/httpdocs/framework/vendor/laravel/framework/src/Illuminate/Routing/Router.php(723): Illuminate\\Pipeline\\Pipeline->then()
#37 /var/www/vhosts/emolimo.savvyhost.co/httpdocs/framework/vendor/laravel/framework/src/Illuminate/Routing/Router.php(698): Illuminate\\Routing\\Router->runRouteWithinStack()
#38 /var/www/vhosts/emolimo.savvyhost.co/httpdocs/framework/vendor/laravel/framework/src/Illuminate/Routing/Router.php(662): Illuminate\\Routing\\Router->runRoute()
#39 /var/www/vhosts/emolimo.savvyhost.co/httpdocs/framework/vendor/laravel/framework/src/Illuminate/Routing/Router.php(651): Illuminate\\Routing\\Router->dispatchToRoute()
#40 /var/www/vhosts/emolimo.savvyhost.co/httpdocs/framework/vendor/laravel/framework/src/Illuminate/Foundation/Http/Kernel.php(167): Illuminate\\Routing\\Router->dispatch()
#41 /var/www/vhosts/emolimo.savvyhost.co/httpdocs/framework/vendor/laravel/framework/src/Illuminate/Pipeline/Pipeline.php(128): Illuminate\\Foundation\\Http\\Kernel->Illuminate\\Foundation\\Http\\{closure}()
#42 /var/www/vhosts/emolimo.savvyhost.co/httpdocs/framework/vendor/laravel/framework/src/Illuminate/Foundation/Http/Middleware/TransformsRequest.php(21): Illuminate\\Pipeline\\Pipeline->Illuminate\\Pipeline\\{closure}()
#43 /var/www/vhosts/emolimo.savvyhost.co/httpdocs/framework/vendor/laravel/framework/src/Illuminate/Foundation/Http/Middleware/ConvertEmptyStringsToNull.php(31): Illuminate\\Foundation\\Http\\Middleware\\TransformsRequest->handle()
#44 /var/www/vhosts/emolimo.savvyhost.co/httpdocs/framework/vendor/laravel/framework/src/Illuminate/Pipeline/Pipeline.php(167): Illuminate\\Foundation\\Http\\Middleware\\ConvertEmptyStringsToNull->handle()
#45 /var/www/vhosts/emolimo.savvyhost.co/httpdocs/framework/vendor/laravel/framework/src/Illuminate/Foundation/Http/Middleware/TransformsRequest.php(21): Illuminate\\Pipeline\\Pipeline->Illuminate\\Pipeline\\{closure}()
#46 /var/www/vhosts/emolimo.savvyhost.co/httpdocs/framework/vendor/laravel/framework/src/Illuminate/Foundation/Http/Middleware/TrimStrings.php(40): Illuminate\\Foundation\\Http\\Middleware\\TransformsRequest->handle()
#47 /var/www/vhosts/emolimo.savvyhost.co/httpdocs/framework/vendor/laravel/framework/src/Illuminate/Pipeline/Pipeline.php(167): Illuminate\\Foundation\\Http\\Middleware\\TrimStrings->handle()
#48 /var/www/vhosts/emolimo.savvyhost.co/httpdocs/framework/vendor/laravel/framework/src/Illuminate/Foundation/Http/Middleware/ValidatePostSize.php(27): Illuminate\\Pipeline\\Pipeline->Illuminate\\Pipeline\\{closure}()
#49 /var/www/vhosts/emolimo.savvyhost.co/httpdocs/framework/vendor/laravel/framework/src/Illuminate/Pipeline/Pipeline.php(167): Illuminate\\Foundation\\Http\\Middleware\\ValidatePostSize->handle()
#50 /var/www/vhosts/emolimo.savvyhost.co/httpdocs/framework/vendor/laravel/framework/src/Illuminate/Foundation/Http/Middleware/PreventRequestsDuringMaintenance.php(86): Illuminate\\Pipeline\\Pipeline->Illuminate\\Pipeline\\{closure}()
#51 /var/www/vhosts/emolimo.savvyhost.co/httpdocs/framework/vendor/laravel/framework/src/Illuminate/Pipeline/Pipeline.php(167): Illuminate\\Foundation\\Http\\Middleware\\PreventRequestsDuringMaintenance->handle()
#52 /var/www/vhosts/emolimo.savvyhost.co/httpdocs/framework/vendor/laravel/framework/src/Illuminate/Pipeline/Pipeline.php(103): Illuminate\\Pipeline\\Pipeline->Illuminate\\Pipeline\\{closure}()
#53 /var/www/vhosts/emolimo.savvyhost.co/httpdocs/framework/vendor/laravel/framework/src/Illuminate/Foundation/Http/Kernel.php(142): Illuminate\\Pipeline\\Pipeline->then()
#54 /var/www/vhosts/emolimo.savvyhost.co/httpdocs/framework/vendor/laravel/framework/src/Illuminate/Foundation/Http/Kernel.php(111): Illuminate\\Foundation\\Http\\Kernel->sendRequestThroughRouter()
#55 /var/www/vhosts/emolimo.savvyhost.co/httpdocs/index.php(10): Illuminate\\Foundation\\Http\\Kernel->handle()
#56 {main}

[previous exception] [object] (Error(code: 0): Call to a member function count() on array at /var/www/vhosts/emolimo.savvyhost.co/httpdocs/framework/storage/framework/views/7267a17c6ef2a1281485d66de64c9d78e67d1dda.php:11)
[stacktrace]
#0 /var/www/vhosts/emolimo.savvyhost.co/httpdocs/framework/vendor/laravel/framework/src/Illuminate/Filesystem/Filesystem.php(107): require()
#1 /var/www/vhosts/emolimo.savvyhost.co/httpdocs/framework/vendor/laravel/framework/src/Illuminate/Filesystem/Filesystem.php(108): Illuminate\\Filesystem\\Filesystem::Illuminate\\Filesystem\\{closure}()
#2 /var/www/vhosts/emolimo.savvyhost.co/httpdocs/framework/vendor/laravel/framework/src/Illuminate/View/Engines/PhpEngine.php(58): Illuminate\\Filesystem\\Filesystem->getRequire()
#3 /var/www/vhosts/emolimo.savvyhost.co/httpdocs/framework/vendor/laravel/framework/src/Illuminate/View/Engines/CompilerEngine.php(61): Illuminate\\View\\Engines\\PhpEngine->evaluatePath()
#4 /var/www/vhosts/emolimo.savvyhost.co/httpdocs/framework/vendor/facade/ignition/src/Views/Engines/CompilerEngine.php(37): Illuminate\\View\\Engines\\CompilerEngine->get()
#5 /var/www/vhosts/emolimo.savvyhost.co/httpdocs/framework/vendor/laravel/framework/src/Illuminate/View/View.php(139): Facade\\Ignition\\Views\\Engines\\CompilerEngine->get()
#6 /var/www/vhosts/emolimo.savvyhost.co/httpdocs/framework/vendor/laravel/framework/src/Illuminate/View/View.php(122): Illuminate\\View\\View->getContents()
#7 /var/www/vhosts/emolimo.savvyhost.co/httpdocs/framework/vendor/laravel/framework/src/Illuminate/View/View.php(91): Illuminate\\View\\View->renderContents()
#8 /var/www/vhosts/emolimo.savvyhost.co/httpdocs/framework/vendor/laravel/framework/src/Illuminate/Http/Response.php(69): Illuminate\\View\\View->render()
#9 /var/www/vhosts/emolimo.savvyhost.co/httpdocs/framework/vendor/laravel/framework/src/Illuminate/Http/Response.php(35): Illuminate\\Http\\Response->setContent()
#10 /var/www/vhosts/emolimo.savvyhost.co/httpdocs/framework/vendor/laravel/framework/src/Illuminate/Routing/Router.php(820): Illuminate\\Http\\Response->__construct()
#11 /var/www/vhosts/emolimo.savvyhost.co/httpdocs/framework/vendor/laravel/framework/src/Illuminate/Routing/Router.php(789): Illuminate\\Routing\\Router::toResponse()
#12 /var/www/vhosts/emolimo.savvyhost.co/httpdocs/framework/vendor/laravel/framework/src/Illuminate/Routing/Router.php(721): Illuminate\\Routing\\Router->prepareResponse()
#13 /var/www/vhosts/emolimo.savvyhost.co/httpdocs/framework/vendor/laravel/framework/src/Illuminate/Pipeline/Pipeline.php(128): Illuminate\\Routing\\Router->Illuminate\\Routing\\{closure}()
#14 /var/www/vhosts/emolimo.savvyhost.co/httpdocs/framework/app/Http/Middleware/AuthUser.php(24): Illuminate\\Pipeline\\Pipeline->Illuminate\\Pipeline\\{closure}()
#15 /var/www/vhosts/emolimo.savvyhost.co/httpdocs/framework/vendor/laravel/framework/src/Illuminate/Pipeline/Pipeline.php(167): App\\Http\\Middleware\\AuthUser->handle()
#16 /var/www/vhosts/emolimo.savvyhost.co/httpdocs/framework/app/Http/Middleware/CheckFrontEnable.php(31): Illuminate\\Pipeline\\Pipeline->Illuminate\\Pipeline\\{closure}()
#17 /var/www/vhosts/emolimo.savvyhost.co/httpdocs/framework/vendor/laravel/framework/src/Illuminate/Pipeline/Pipeline.php(167): App\\Http\\Middleware\\CheckFrontEnable->handle()
#18 /var/www/vhosts/emolimo.savvyhost.co/httpdocs/framework/app/Http/Middleware/SetLocaleUser.php(36): Illuminate\\Pipeline\\Pipeline->Illuminate\\Pipeline\\{closure}()
#19 /var/www/vhosts/emolimo.savvyhost.co/httpdocs/framework/vendor/laravel/framework/src/Illuminate/Pipeline/Pipeline.php(167): App\\Http\\Middleware\\SetLocaleUser->handle()
#20 /var/www/vhosts/emolimo.savvyhost.co/httpdocs/framework/app/Http/Middleware/IsInstalled.php(31): Illuminate\\Pipeline\\Pipeline->Illuminate\\Pipeline\\{closure}()
#21 /var/www/vhosts/emolimo.savvyhost.co/httpdocs/framework/vendor/laravel/framework/src/Illuminate/Pipeline/Pipeline.php(167): App\\Http\\Middleware\\IsInstalled->handle()
#22 /var/www/vhosts/emolimo.savvyhost.co/httpdocs/framework/vendor/laravel/framework/src/Illuminate/Routing/Middleware/SubstituteBindings.php(50): Illuminate\\Pipeline\\Pipeline->Illuminate\\Pipeline\\{closure}()
#23 /var/www/vhosts/emolimo.savvyhost.co/httpdocs/framework/vendor/laravel/framework/src/Illuminate/Pipeline/Pipeline.php(167): Illuminate\\Routing\\Middleware\\SubstituteBindings->handle()
#24 /var/www/vhosts/emolimo.savvyhost.co/httpdocs/framework/vendor/laravel/framework/src/Illuminate/Foundation/Http/Middleware/VerifyCsrfToken.php(78): Illuminate\\Pipeline\\Pipeline->Illuminate\\Pipeline\\{closure}()
#25 /var/www/vhosts/emolimo.savvyhost.co/httpdocs/framework/vendor/laravel/framework/src/Illuminate/Pipeline/Pipeline.php(167): Illuminate\\Foundation\\Http\\Middleware\\VerifyCsrfToken->handle()
#26 /var/www/vhosts/emolimo.savvyhost.co/httpdocs/framework/vendor/laravel/framework/src/Illuminate/View/Middleware/ShareErrorsFromSession.php(49): Illuminate\\Pipeline\\Pipeline->Illuminate\\Pipeline\\{closure}()
#27 /var/www/vhosts/emolimo.savvyhost.co/httpdocs/framework/vendor/laravel/framework/src/Illuminate/Pipeline/Pipeline.php(167): Illuminate\\View\\Middleware\\ShareErrorsFromSession->handle()
#28 /var/www/vhosts/emolimo.savvyhost.co/httpdocs/framework/vendor/laravel/framework/src/Illuminate/Session/Middleware/StartSession.php(121): Illuminate\\Pipeline\\Pipeline->Illuminate\\Pipeline\\{closure}()
#29 /var/www/vhosts/emolimo.savvyhost.co/httpdocs/framework/vendor/laravel/framework/src/Illuminate/Session/Middleware/StartSession.php(64): Illuminate\\Session\\Middleware\\StartSession->handleStatefulRequest()
#30 /var/www/vhosts/emolimo.savvyhost.co/httpdocs/framework/vendor/laravel/framework/src/Illuminate/Pipeline/Pipeline.php(167): Illuminate\\Session\\Middleware\\StartSession->handle()
#31 /var/www/vhosts/emolimo.savvyhost.co/httpdocs/framework/vendor/laravel/framework/src/Illuminate/Cookie/Middleware/AddQueuedCookiesToResponse.php(37): Illuminate\\Pipeline\\Pipeline->Illuminate\\Pipeline\\{closure}()
#32 /var/www/vhosts/emolimo.savvyhost.co/httpdocs/framework/vendor/laravel/framework/src/Illuminate/Pipeline/Pipeline.php(167): Illuminate\\Cookie\\Middleware\\AddQueuedCookiesToResponse->handle()
#33 /var/www/vhosts/emolimo.savvyhost.co/httpdocs/framework/vendor/laravel/framework/src/Illuminate/Cookie/Middleware/EncryptCookies.php(67): Illuminate\\Pipeline\\Pipeline->Illuminate\\Pipeline\\{closure}()
#34 /var/www/vhosts/emolimo.savvyhost.co/httpdocs/framework/vendor/laravel/framework/src/Illuminate/Pipeline/Pipeline.php(167): Illuminate\\Cookie\\Middleware\\EncryptCookies->handle()
#35 /var/www/vhosts/emolimo.savvyhost.co/httpdocs/framework/vendor/laravel/framework/src/Illuminate/Pipeline/Pipeline.php(103): Illuminate\\Pipeline\\Pipeline->Illuminate\\Pipeline\\{closure}()
#36 /var/www/vhosts/emolimo.savvyhost.co/httpdocs/framework/vendor/laravel/framework/src/Illuminate/Routing/Router.php(723): Illuminate\\Pipeline\\Pipeline->then()
#37 /var/www/vhosts/emolimo.savvyhost.co/httpdocs/framework/vendor/laravel/framework/src/Illuminate/Routing/Router.php(698): Illuminate\\Routing\\Router->runRouteWithinStack()
#38 /var/www/vhosts/emolimo.savvyhost.co/httpdocs/framework/vendor/laravel/framework/src/Illuminate/Routing/Router.php(662): Illuminate\\Routing\\Router->runRoute()
#39 /var/www/vhosts/emolimo.savvyhost.co/httpdocs/framework/vendor/laravel/framework/src/Illuminate/Routing/Router.php(651): Illuminate\\Routing\\Router->dispatchToRoute()
#40 /var/www/vhosts/emolimo.savvyhost.co/httpdocs/framework/vendor/laravel/framework/src/Illuminate/Foundation/Http/Kernel.php(167): Illuminate\\Routing\\Router->dispatch()
#41 /var/www/vhosts/emolimo.savvyhost.co/httpdocs/framework/vendor/laravel/framework/src/Illuminate/Pipeline/Pipeline.php(128): Illuminate\\Foundation\\Http\\Kernel->Illuminate\\Foundation\\Http\\{closure}()
#42 /var/www/vhosts/emolimo.savvyhost.co/httpdocs/framework/vendor/laravel/framework/src/Illuminate/Foundation/Http/Middleware/TransformsRequest.php(21): Illuminate\\Pipeline\\Pipeline->Illuminate\\Pipeline\\{closure}()
#43 /var/www/vhosts/emolimo.savvyhost.co/httpdocs/framework/vendor/laravel/framework/src/Illuminate/Foundation/Http/Middleware/ConvertEmptyStringsToNull.php(31): Illuminate\\Foundation\\Http\\Middleware\\TransformsRequest->handle()
#44 /var/www/vhosts/emolimo.savvyhost.co/httpdocs/framework/vendor/laravel/framework/src/Illuminate/Pipeline/Pipeline.php(167): Illuminate\\Foundation\\Http\\Middleware\\ConvertEmptyStringsToNull->handle()
#45 /var/www/vhosts/emolimo.savvyhost.co/httpdocs/framework/vendor/laravel/framework/src/Illuminate/Foundation/Http/Middleware/TransformsRequest.php(21): Illuminate\\Pipeline\\Pipeline->Illuminate\\Pipeline\\{closure}()
#46 /var/www/vhosts/emolimo.savvyhost.co/httpdocs/framework/vendor/laravel/framework/src/Illuminate/Foundation/Http/Middleware/TrimStrings.php(40): Illuminate\\Foundation\\Http\\Middleware\\TransformsRequest->handle()
#47 /var/www/vhosts/emolimo.savvyhost.co/httpdocs/framework/vendor/laravel/framework/src/Illuminate/Pipeline/Pipeline.php(167): Illuminate\\Foundation\\Http\\Middleware\\TrimStrings->handle()
#48 /var/www/vhosts/emolimo.savvyhost.co/httpdocs/framework/vendor/laravel/framework/src/Illuminate/Foundation/Http/Middleware/ValidatePostSize.php(27): Illuminate\\Pipeline\\Pipeline->Illuminate\\Pipeline\\{closure}()
#49 /var/www/vhosts/emolimo.savvyhost.co/httpdocs/framework/vendor/laravel/framework/src/Illuminate/Pipeline/Pipeline.php(167): Illuminate\\Foundation\\Http\\Middleware\\ValidatePostSize->handle()
#50 /var/www/vhosts/emolimo.savvyhost.co/httpdocs/framework/vendor/laravel/framework/src/Illuminate/Foundation/Http/Middleware/PreventRequestsDuringMaintenance.php(86): Illuminate\\Pipeline\\Pipeline->Illuminate\\Pipeline\\{closure}()
#51 /var/www/vhosts/emolimo.savvyhost.co/httpdocs/framework/vendor/laravel/framework/src/Illuminate/Pipeline/Pipeline.php(167): Illuminate\\Foundation\\Http\\Middleware\\PreventRequestsDuringMaintenance->handle()
#52 /var/www/vhosts/emolimo.savvyhost.co/httpdocs/framework/vendor/laravel/framework/src/Illuminate/Pipeline/Pipeline.php(103): Illuminate\\Pipeline\\Pipeline->Illuminate\\Pipeline\\{closure}()
#53 /var/www/vhosts/emolimo.savvyhost.co/httpdocs/framework/vendor/laravel/framework/src/Illuminate/Foundation/Http/Kernel.php(142): Illuminate\\Pipeline\\Pipeline->then()
#54 /var/www/vhosts/emolimo.savvyhost.co/httpdocs/framework/vendor/laravel/framework/src/Illuminate/Foundation/Http/Kernel.php(111): Illuminate\\Foundation\\Http\\Kernel->sendRequestThroughRouter()
#55 /var/www/vhosts/emolimo.savvyhost.co/httpdocs/index.php(10): Illuminate\\Foundation\\Http\\Kernel->handle()
#56 {main}
"} 
[2022-11-07 18:25:52] local.ERROR: Call to a member function count() on array (View: /var/www/vhosts/emolimo.savvyhost.co/httpdocs/framework/resources/views/frontend/booking_history.blade.php) {"view":{"view":"/var/www/vhosts/emolimo.savvyhost.co/httpdocs/framework/resources/views/frontend/booking_history.blade.php","data":{"errors":"<pre class=sf-dump id=sf-dump-985261447 data-indent-pad=\"  \"><span class=sf-dump-note>Illuminate\\Support\\ViewErrorBag</span> {<a class=sf-dump-ref>#2084</a><samp data-depth=1 class=sf-dump-expanded>
  #<span class=sf-dump-protected title=\"Protected property\">bags</span>: []
</samp>}
</pre><script>Sfdump(\"sf-dump-985261447\", {\"maxDepth\":3,\"maxStringLength\":160})</script>
","bookings":"<pre class=sf-dump id=sf-dump-511533543 data-indent-pad=\"  \">[]
</pre><script>Sfdump(\"sf-dump-511533543\", {\"maxDepth\":3,\"maxStringLength\":160})</script>
"}},"userId":12,"exception":"[object] (Facade\\Ignition\\Exceptions\\ViewException(code: 0): Call to a member function count() on array (View: /var/www/vhosts/emolimo.savvyhost.co/httpdocs/framework/resources/views/frontend/booking_history.blade.php) at /var/www/vhosts/emolimo.savvyhost.co/httpdocs/framework/resources/views/frontend/booking_history.blade.php:16)
[stacktrace]
#0 /var/www/vhosts/emolimo.savvyhost.co/httpdocs/framework/vendor/laravel/framework/src/Illuminate/Filesystem/Filesystem.php(107): require()
#1 /var/www/vhosts/emolimo.savvyhost.co/httpdocs/framework/vendor/laravel/framework/src/Illuminate/Filesystem/Filesystem.php(108): Illuminate\\Filesystem\\Filesystem::Illuminate\\Filesystem\\{closure}()
#2 /var/www/vhosts/emolimo.savvyhost.co/httpdocs/framework/vendor/laravel/framework/src/Illuminate/View/Engines/PhpEngine.php(58): Illuminate\\Filesystem\\Filesystem->getRequire()
#3 /var/www/vhosts/emolimo.savvyhost.co/httpdocs/framework/vendor/laravel/framework/src/Illuminate/View/Engines/CompilerEngine.php(61): Illuminate\\View\\Engines\\PhpEngine->evaluatePath()
#4 /var/www/vhosts/emolimo.savvyhost.co/httpdocs/framework/vendor/facade/ignition/src/Views/Engines/CompilerEngine.php(37): Illuminate\\View\\Engines\\CompilerEngine->get()
#5 /var/www/vhosts/emolimo.savvyhost.co/httpdocs/framework/vendor/laravel/framework/src/Illuminate/View/View.php(139): Facade\\Ignition\\Views\\Engines\\CompilerEngine->get()
#6 /var/www/vhosts/emolimo.savvyhost.co/httpdocs/framework/vendor/laravel/framework/src/Illuminate/View/View.php(122): Illuminate\\View\\View->getContents()
#7 /var/www/vhosts/emolimo.savvyhost.co/httpdocs/framework/vendor/laravel/framework/src/Illuminate/View/View.php(91): Illuminate\\View\\View->renderContents()
#8 /var/www/vhosts/emolimo.savvyhost.co/httpdocs/framework/vendor/laravel/framework/src/Illuminate/Http/Response.php(69): Illuminate\\View\\View->render()
#9 /var/www/vhosts/emolimo.savvyhost.co/httpdocs/framework/vendor/laravel/framework/src/Illuminate/Http/Response.php(35): Illuminate\\Http\\Response->setContent()
#10 /var/www/vhosts/emolimo.savvyhost.co/httpdocs/framework/vendor/laravel/framework/src/Illuminate/Routing/Router.php(820): Illuminate\\Http\\Response->__construct()
#11 /var/www/vhosts/emolimo.savvyhost.co/httpdocs/framework/vendor/laravel/framework/src/Illuminate/Routing/Router.php(789): Illuminate\\Routing\\Router::toResponse()
#12 /var/www/vhosts/emolimo.savvyhost.co/httpdocs/framework/vendor/laravel/framework/src/Illuminate/Routing/Router.php(721): Illuminate\\Routing\\Router->prepareResponse()
#13 /var/www/vhosts/emolimo.savvyhost.co/httpdocs/framework/vendor/laravel/framework/src/Illuminate/Pipeline/Pipeline.php(128): Illuminate\\Routing\\Router->Illuminate\\Routing\\{closure}()
#14 /var/www/vhosts/emolimo.savvyhost.co/httpdocs/framework/app/Http/Middleware/AuthUser.php(24): Illuminate\\Pipeline\\Pipeline->Illuminate\\Pipeline\\{closure}()
#15 /var/www/vhosts/emolimo.savvyhost.co/httpdocs/framework/vendor/laravel/framework/src/Illuminate/Pipeline/Pipeline.php(167): App\\Http\\Middleware\\AuthUser->handle()
#16 /var/www/vhosts/emolimo.savvyhost.co/httpdocs/framework/app/Http/Middleware/CheckFrontEnable.php(31): Illuminate\\Pipeline\\Pipeline->Illuminate\\Pipeline\\{closure}()
#17 /var/www/vhosts/emolimo.savvyhost.co/httpdocs/framework/vendor/laravel/framework/src/Illuminate/Pipeline/Pipeline.php(167): App\\Http\\Middleware\\CheckFrontEnable->handle()
#18 /var/www/vhosts/emolimo.savvyhost.co/httpdocs/framework/app/Http/Middleware/SetLocaleUser.php(36): Illuminate\\Pipeline\\Pipeline->Illuminate\\Pipeline\\{closure}()
#19 /var/www/vhosts/emolimo.savvyhost.co/httpdocs/framework/vendor/laravel/framework/src/Illuminate/Pipeline/Pipeline.php(167): App\\Http\\Middleware\\SetLocaleUser->handle()
#20 /var/www/vhosts/emolimo.savvyhost.co/httpdocs/framework/app/Http/Middleware/IsInstalled.php(31): Illuminate\\Pipeline\\Pipeline->Illuminate\\Pipeline\\{closure}()
#21 /var/www/vhosts/emolimo.savvyhost.co/httpdocs/framework/vendor/laravel/framework/src/Illuminate/Pipeline/Pipeline.php(167): App\\Http\\Middleware\\IsInstalled->handle()
#22 /var/www/vhosts/emolimo.savvyhost.co/httpdocs/framework/vendor/laravel/framework/src/Illuminate/Routing/Middleware/SubstituteBindings.php(50): Illuminate\\Pipeline\\Pipeline->Illuminate\\Pipeline\\{closure}()
#23 /var/www/vhosts/emolimo.savvyhost.co/httpdocs/framework/vendor/laravel/framework/src/Illuminate/Pipeline/Pipeline.php(167): Illuminate\\Routing\\Middleware\\SubstituteBindings->handle()
#24 /var/www/vhosts/emolimo.savvyhost.co/httpdocs/framework/vendor/laravel/framework/src/Illuminate/Foundation/Http/Middleware/VerifyCsrfToken.php(78): Illuminate\\Pipeline\\Pipeline->Illuminate\\Pipeline\\{closure}()
#25 /var/www/vhosts/emolimo.savvyhost.co/httpdocs/framework/vendor/laravel/framework/src/Illuminate/Pipeline/Pipeline.php(167): Illuminate\\Foundation\\Http\\Middleware\\VerifyCsrfToken->handle()
#26 /var/www/vhosts/emolimo.savvyhost.co/httpdocs/framework/vendor/laravel/framework/src/Illuminate/View/Middleware/ShareErrorsFromSession.php(49): Illuminate\\Pipeline\\Pipeline->Illuminate\\Pipeline\\{closure}()
#27 /var/www/vhosts/emolimo.savvyhost.co/httpdocs/framework/vendor/laravel/framework/src/Illuminate/Pipeline/Pipeline.php(167): Illuminate\\View\\Middleware\\ShareErrorsFromSession->handle()
#28 /var/www/vhosts/emolimo.savvyhost.co/httpdocs/framework/vendor/laravel/framework/src/Illuminate/Session/Middleware/StartSession.php(121): Illuminate\\Pipeline\\Pipeline->Illuminate\\Pipeline\\{closure}()
#29 /var/www/vhosts/emolimo.savvyhost.co/httpdocs/framework/vendor/laravel/framework/src/Illuminate/Session/Middleware/StartSession.php(64): Illuminate\\Session\\Middleware\\StartSession->handleStatefulRequest()
#30 /var/www/vhosts/emolimo.savvyhost.co/httpdocs/framework/vendor/laravel/framework/src/Illuminate/Pipeline/Pipeline.php(167): Illuminate\\Session\\Middleware\\StartSession->handle()
#31 /var/www/vhosts/emolimo.savvyhost.co/httpdocs/framework/vendor/laravel/framework/src/Illuminate/Cookie/Middleware/AddQueuedCookiesToResponse.php(37): Illuminate\\Pipeline\\Pipeline->Illuminate\\Pipeline\\{closure}()
#32 /var/www/vhosts/emolimo.savvyhost.co/httpdocs/framework/vendor/laravel/framework/src/Illuminate/Pipeline/Pipeline.php(167): Illuminate\\Cookie\\Middleware\\AddQueuedCookiesToResponse->handle()
#33 /var/www/vhosts/emolimo.savvyhost.co/httpdocs/framework/vendor/laravel/framework/src/Illuminate/Cookie/Middleware/EncryptCookies.php(67): Illuminate\\Pipeline\\Pipeline->Illuminate\\Pipeline\\{closure}()
#34 /var/www/vhosts/emolimo.savvyhost.co/httpdocs/framework/vendor/laravel/framework/src/Illuminate/Pipeline/Pipeline.php(167): Illuminate\\Cookie\\Middleware\\EncryptCookies->handle()
#35 /var/www/vhosts/emolimo.savvyhost.co/httpdocs/framework/vendor/laravel/framework/src/Illuminate/Pipeline/Pipeline.php(103): Illuminate\\Pipeline\\Pipeline->Illuminate\\Pipeline\\{closure}()
#36 /var/www/vhosts/emolimo.savvyhost.co/httpdocs/framework/vendor/laravel/framework/src/Illuminate/Routing/Router.php(723): Illuminate\\Pipeline\\Pipeline->then()
#37 /var/www/vhosts/emolimo.savvyhost.co/httpdocs/framework/vendor/laravel/framework/src/Illuminate/Routing/Router.php(698): Illuminate\\Routing\\Router->runRouteWithinStack()
#38 /var/www/vhosts/emolimo.savvyhost.co/httpdocs/framework/vendor/laravel/framework/src/Illuminate/Routing/Router.php(662): Illuminate\\Routing\\Router->runRoute()
#39 /var/www/vhosts/emolimo.savvyhost.co/httpdocs/framework/vendor/laravel/framework/src/Illuminate/Routing/Router.php(651): Illuminate\\Routing\\Router->dispatchToRoute()
#40 /var/www/vhosts/emolimo.savvyhost.co/httpdocs/framework/vendor/laravel/framework/src/Illuminate/Foundation/Http/Kernel.php(167): Illuminate\\Routing\\Router->dispatch()
#41 /var/www/vhosts/emolimo.savvyhost.co/httpdocs/framework/vendor/laravel/framework/src/Illuminate/Pipeline/Pipeline.php(128): Illuminate\\Foundation\\Http\\Kernel->Illuminate\\Foundation\\Http\\{closure}()
#42 /var/www/vhosts/emolimo.savvyhost.co/httpdocs/framework/vendor/laravel/framework/src/Illuminate/Foundation/Http/Middleware/TransformsRequest.php(21): Illuminate\\Pipeline\\Pipeline->Illuminate\\Pipeline\\{closure}()
#43 /var/www/vhosts/emolimo.savvyhost.co/httpdocs/framework/vendor/laravel/framework/src/Illuminate/Foundation/Http/Middleware/ConvertEmptyStringsToNull.php(31): Illuminate\\Foundation\\Http\\Middleware\\TransformsRequest->handle()
#44 /var/www/vhosts/emolimo.savvyhost.co/httpdocs/framework/vendor/laravel/framework/src/Illuminate/Pipeline/Pipeline.php(167): Illuminate\\Foundation\\Http\\Middleware\\ConvertEmptyStringsToNull->handle()
#45 /var/www/vhosts/emolimo.savvyhost.co/httpdocs/framework/vendor/laravel/framework/src/Illuminate/Foundation/Http/Middleware/TransformsRequest.php(21): Illuminate\\Pipeline\\Pipeline->Illuminate\\Pipeline\\{closure}()
#46 /var/www/vhosts/emolimo.savvyhost.co/httpdocs/framework/vendor/laravel/framework/src/Illuminate/Foundation/Http/Middleware/TrimStrings.php(40): Illuminate\\Foundation\\Http\\Middleware\\TransformsRequest->handle()
#47 /var/www/vhosts/emolimo.savvyhost.co/httpdocs/framework/vendor/laravel/framework/src/Illuminate/Pipeline/Pipeline.php(167): Illuminate\\Foundation\\Http\\Middleware\\TrimStrings->handle()
#48 /var/www/vhosts/emolimo.savvyhost.co/httpdocs/framework/vendor/laravel/framework/src/Illuminate/Foundation/Http/Middleware/ValidatePostSize.php(27): Illuminate\\Pipeline\\Pipeline->Illuminate\\Pipeline\\{closure}()
#49 /var/www/vhosts/emolimo.savvyhost.co/httpdocs/framework/vendor/laravel/framework/src/Illuminate/Pipeline/Pipeline.php(167): Illuminate\\Foundation\\Http\\Middleware\\ValidatePostSize->handle()
#50 /var/www/vhosts/emolimo.savvyhost.co/httpdocs/framework/vendor/laravel/framework/src/Illuminate/Foundation/Http/Middleware/PreventRequestsDuringMaintenance.php(86): Illuminate\\Pipeline\\Pipeline->Illuminate\\Pipeline\\{closure}()
#51 /var/www/vhosts/emolimo.savvyhost.co/httpdocs/framework/vendor/laravel/framework/src/Illuminate/Pipeline/Pipeline.php(167): Illuminate\\Foundation\\Http\\Middleware\\PreventRequestsDuringMaintenance->handle()
#52 /var/www/vhosts/emolimo.savvyhost.co/httpdocs/framework/vendor/laravel/framework/src/Illuminate/Pipeline/Pipeline.php(103): Illuminate\\Pipeline\\Pipeline->Illuminate\\Pipeline\\{closure}()
#53 /var/www/vhosts/emolimo.savvyhost.co/httpdocs/framework/vendor/laravel/framework/src/Illuminate/Foundation/Http/Kernel.php(142): Illuminate\\Pipeline\\Pipeline->then()
#54 /var/www/vhosts/emolimo.savvyhost.co/httpdocs/framework/vendor/laravel/framework/src/Illuminate/Foundation/Http/Kernel.php(111): Illuminate\\Foundation\\Http\\Kernel->sendRequestThroughRouter()
#55 /var/www/vhosts/emolimo.savvyhost.co/httpdocs/index.php(10): Illuminate\\Foundation\\Http\\Kernel->handle()
#56 {main}

[previous exception] [object] (Error(code: 0): Call to a member function count() on array at /var/www/vhosts/emolimo.savvyhost.co/httpdocs/framework/storage/framework/views/7267a17c6ef2a1281485d66de64c9d78e67d1dda.php:11)
[stacktrace]
#0 /var/www/vhosts/emolimo.savvyhost.co/httpdocs/framework/vendor/laravel/framework/src/Illuminate/Filesystem/Filesystem.php(107): require()
#1 /var/www/vhosts/emolimo.savvyhost.co/httpdocs/framework/vendor/laravel/framework/src/Illuminate/Filesystem/Filesystem.php(108): Illuminate\\Filesystem\\Filesystem::Illuminate\\Filesystem\\{closure}()
#2 /var/www/vhosts/emolimo.savvyhost.co/httpdocs/framework/vendor/laravel/framework/src/Illuminate/View/Engines/PhpEngine.php(58): Illuminate\\Filesystem\\Filesystem->getRequire()
#3 /var/www/vhosts/emolimo.savvyhost.co/httpdocs/framework/vendor/laravel/framework/src/Illuminate/View/Engines/CompilerEngine.php(61): Illuminate\\View\\Engines\\PhpEngine->evaluatePath()
#4 /var/www/vhosts/emolimo.savvyhost.co/httpdocs/framework/vendor/facade/ignition/src/Views/Engines/CompilerEngine.php(37): Illuminate\\View\\Engines\\CompilerEngine->get()
#5 /var/www/vhosts/emolimo.savvyhost.co/httpdocs/framework/vendor/laravel/framework/src/Illuminate/View/View.php(139): Facade\\Ignition\\Views\\Engines\\CompilerEngine->get()
#6 /var/www/vhosts/emolimo.savvyhost.co/httpdocs/framework/vendor/laravel/framework/src/Illuminate/View/View.php(122): Illuminate\\View\\View->getContents()
#7 /var/www/vhosts/emolimo.savvyhost.co/httpdocs/framework/vendor/laravel/framework/src/Illuminate/View/View.php(91): Illuminate\\View\\View->renderContents()
#8 /var/www/vhosts/emolimo.savvyhost.co/httpdocs/framework/vendor/laravel/framework/src/Illuminate/Http/Response.php(69): Illuminate\\View\\View->render()
#9 /var/www/vhosts/emolimo.savvyhost.co/httpdocs/framework/vendor/laravel/framework/src/Illuminate/Http/Response.php(35): Illuminate\\Http\\Response->setContent()
#10 /var/www/vhosts/emolimo.savvyhost.co/httpdocs/framework/vendor/laravel/framework/src/Illuminate/Routing/Router.php(820): Illuminate\\Http\\Response->__construct()
#11 /var/www/vhosts/emolimo.savvyhost.co/httpdocs/framework/vendor/laravel/framework/src/Illuminate/Routing/Router.php(789): Illuminate\\Routing\\Router::toResponse()
#12 /var/www/vhosts/emolimo.savvyhost.co/httpdocs/framework/vendor/laravel/framework/src/Illuminate/Routing/Router.php(721): Illuminate\\Routing\\Router->prepareResponse()
#13 /var/www/vhosts/emolimo.savvyhost.co/httpdocs/framework/vendor/laravel/framework/src/Illuminate/Pipeline/Pipeline.php(128): Illuminate\\Routing\\Router->Illuminate\\Routing\\{closure}()
#14 /var/www/vhosts/emolimo.savvyhost.co/httpdocs/framework/app/Http/Middleware/AuthUser.php(24): Illuminate\\Pipeline\\Pipeline->Illuminate\\Pipeline\\{closure}()
#15 /var/www/vhosts/emolimo.savvyhost.co/httpdocs/framework/vendor/laravel/framework/src/Illuminate/Pipeline/Pipeline.php(167): App\\Http\\Middleware\\AuthUser->handle()
#16 /var/www/vhosts/emolimo.savvyhost.co/httpdocs/framework/app/Http/Middleware/CheckFrontEnable.php(31): Illuminate\\Pipeline\\Pipeline->Illuminate\\Pipeline\\{closure}()
#17 /var/www/vhosts/emolimo.savvyhost.co/httpdocs/framework/vendor/laravel/framework/src/Illuminate/Pipeline/Pipeline.php(167): App\\Http\\Middleware\\CheckFrontEnable->handle()
#18 /var/www/vhosts/emolimo.savvyhost.co/httpdocs/framework/app/Http/Middleware/SetLocaleUser.php(36): Illuminate\\Pipeline\\Pipeline->Illuminate\\Pipeline\\{closure}()
#19 /var/www/vhosts/emolimo.savvyhost.co/httpdocs/framework/vendor/laravel/framework/src/Illuminate/Pipeline/Pipeline.php(167): App\\Http\\Middleware\\SetLocaleUser->handle()
#20 /var/www/vhosts/emolimo.savvyhost.co/httpdocs/framework/app/Http/Middleware/IsInstalled.php(31): Illuminate\\Pipeline\\Pipeline->Illuminate\\Pipeline\\{closure}()
#21 /var/www/vhosts/emolimo.savvyhost.co/httpdocs/framework/vendor/laravel/framework/src/Illuminate/Pipeline/Pipeline.php(167): App\\Http\\Middleware\\IsInstalled->handle()
#22 /var/www/vhosts/emolimo.savvyhost.co/httpdocs/framework/vendor/laravel/framework/src/Illuminate/Routing/Middleware/SubstituteBindings.php(50): Illuminate\\Pipeline\\Pipeline->Illuminate\\Pipeline\\{closure}()
#23 /var/www/vhosts/emolimo.savvyhost.co/httpdocs/framework/vendor/laravel/framework/src/Illuminate/Pipeline/Pipeline.php(167): Illuminate\\Routing\\Middleware\\SubstituteBindings->handle()
#24 /var/www/vhosts/emolimo.savvyhost.co/httpdocs/framework/vendor/laravel/framework/src/Illuminate/Foundation/Http/Middleware/VerifyCsrfToken.php(78): Illuminate\\Pipeline\\Pipeline->Illuminate\\Pipeline\\{closure}()
#25 /var/www/vhosts/emolimo.savvyhost.co/httpdocs/framework/vendor/laravel/framework/src/Illuminate/Pipeline/Pipeline.php(167): Illuminate\\Foundation\\Http\\Middleware\\VerifyCsrfToken->handle()
#26 /var/www/vhosts/emolimo.savvyhost.co/httpdocs/framework/vendor/laravel/framework/src/Illuminate/View/Middleware/ShareErrorsFromSession.php(49): Illuminate\\Pipeline\\Pipeline->Illuminate\\Pipeline\\{closure}()
#27 /var/www/vhosts/emolimo.savvyhost.co/httpdocs/framework/vendor/laravel/framework/src/Illuminate/Pipeline/Pipeline.php(167): Illuminate\\View\\Middleware\\ShareErrorsFromSession->handle()
#28 /var/www/vhosts/emolimo.savvyhost.co/httpdocs/framework/vendor/laravel/framework/src/Illuminate/Session/Middleware/StartSession.php(121): Illuminate\\Pipeline\\Pipeline->Illuminate\\Pipeline\\{closure}()
#29 /var/www/vhosts/emolimo.savvyhost.co/httpdocs/framework/vendor/laravel/framework/src/Illuminate/Session/Middleware/StartSession.php(64): Illuminate\\Session\\Middleware\\StartSession->handleStatefulRequest()
#30 /var/www/vhosts/emolimo.savvyhost.co/httpdocs/framework/vendor/laravel/framework/src/Illuminate/Pipeline/Pipeline.php(167): Illuminate\\Session\\Middleware\\StartSession->handle()
#31 /var/www/vhosts/emolimo.savvyhost.co/httpdocs/framework/vendor/laravel/framework/src/Illuminate/Cookie/Middleware/AddQueuedCookiesToResponse.php(37): Illuminate\\Pipeline\\Pipeline->Illuminate\\Pipeline\\{closure}()
#32 /var/www/vhosts/emolimo.savvyhost.co/httpdocs/framework/vendor/laravel/framework/src/Illuminate/Pipeline/Pipeline.php(167): Illuminate\\Cookie\\Middleware\\AddQueuedCookiesToResponse->handle()
#33 /var/www/vhosts/emolimo.savvyhost.co/httpdocs/framework/vendor/laravel/framework/src/Illuminate/Cookie/Middleware/EncryptCookies.php(67): Illuminate\\Pipeline\\Pipeline->Illuminate\\Pipeline\\{closure}()
#34 /var/www/vhosts/emolimo.savvyhost.co/httpdocs/framework/vendor/laravel/framework/src/Illuminate/Pipeline/Pipeline.php(167): Illuminate\\Cookie\\Middleware\\EncryptCookies->handle()
#35 /var/www/vhosts/emolimo.savvyhost.co/httpdocs/framework/vendor/laravel/framework/src/Illuminate/Pipeline/Pipeline.php(103): Illuminate\\Pipeline\\Pipeline->Illuminate\\Pipeline\\{closure}()
#36 /var/www/vhosts/emolimo.savvyhost.co/httpdocs/framework/vendor/laravel/framework/src/Illuminate/Routing/Router.php(723): Illuminate\\Pipeline\\Pipeline->then()
#37 /var/www/vhosts/emolimo.savvyhost.co/httpdocs/framework/vendor/laravel/framework/src/Illuminate/Routing/Router.php(698): Illuminate\\Routing\\Router->runRouteWithinStack()
#38 /var/www/vhosts/emolimo.savvyhost.co/httpdocs/framework/vendor/laravel/framework/src/Illuminate/Routing/Router.php(662): Illuminate\\Routing\\Router->runRoute()
#39 /var/www/vhosts/emolimo.savvyhost.co/httpdocs/framework/vendor/laravel/framework/src/Illuminate/Routing/Router.php(651): Illuminate\\Routing\\Router->dispatchToRoute()
#40 /var/www/vhosts/emolimo.savvyhost.co/httpdocs/framework/vendor/laravel/framework/src/Illuminate/Foundation/Http/Kernel.php(167): Illuminate\\Routing\\Router->dispatch()
#41 /var/www/vhosts/emolimo.savvyhost.co/httpdocs/framework/vendor/laravel/framework/src/Illuminate/Pipeline/Pipeline.php(128): Illuminate\\Foundation\\Http\\Kernel->Illuminate\\Foundation\\Http\\{closure}()
#42 /var/www/vhosts/emolimo.savvyhost.co/httpdocs/framework/vendor/laravel/framework/src/Illuminate/Foundation/Http/Middleware/TransformsRequest.php(21): Illuminate\\Pipeline\\Pipeline->Illuminate\\Pipeline\\{closure}()
#43 /var/www/vhosts/emolimo.savvyhost.co/httpdocs/framework/vendor/laravel/framework/src/Illuminate/Foundation/Http/Middleware/ConvertEmptyStringsToNull.php(31): Illuminate\\Foundation\\Http\\Middleware\\TransformsRequest->handle()
#44 /var/www/vhosts/emolimo.savvyhost.co/httpdocs/framework/vendor/laravel/framework/src/Illuminate/Pipeline/Pipeline.php(167): Illuminate\\Foundation\\Http\\Middleware\\ConvertEmptyStringsToNull->handle()
#45 /var/www/vhosts/emolimo.savvyhost.co/httpdocs/framework/vendor/laravel/framework/src/Illuminate/Foundation/Http/Middleware/TransformsRequest.php(21): Illuminate\\Pipeline\\Pipeline->Illuminate\\Pipeline\\{closure}()
#46 /var/www/vhosts/emolimo.savvyhost.co/httpdocs/framework/vendor/laravel/framework/src/Illuminate/Foundation/Http/Middleware/TrimStrings.php(40): Illuminate\\Foundation\\Http\\Middleware\\TransformsRequest->handle()
#47 /var/www/vhosts/emolimo.savvyhost.co/httpdocs/framework/vendor/laravel/framework/src/Illuminate/Pipeline/Pipeline.php(167): Illuminate\\Foundation\\Http\\Middleware\\TrimStrings->handle()
#48 /var/www/vhosts/emolimo.savvyhost.co/httpdocs/framework/vendor/laravel/framework/src/Illuminate/Foundation/Http/Middleware/ValidatePostSize.php(27): Illuminate\\Pipeline\\Pipeline->Illuminate\\Pipeline\\{closure}()
#49 /var/www/vhosts/emolimo.savvyhost.co/httpdocs/framework/vendor/laravel/framework/src/Illuminate/Pipeline/Pipeline.php(167): Illuminate\\Foundation\\Http\\Middleware\\ValidatePostSize->handle()
#50 /var/www/vhosts/emolimo.savvyhost.co/httpdocs/framework/vendor/laravel/framework/src/Illuminate/Foundation/Http/Middleware/PreventRequestsDuringMaintenance.php(86): Illuminate\\Pipeline\\Pipeline->Illuminate\\Pipeline\\{closure}()
#51 /var/www/vhosts/emolimo.savvyhost.co/httpdocs/framework/vendor/laravel/framework/src/Illuminate/Pipeline/Pipeline.php(167): Illuminate\\Foundation\\Http\\Middleware\\PreventRequestsDuringMaintenance->handle()
#52 /var/www/vhosts/emolimo.savvyhost.co/httpdocs/framework/vendor/laravel/framework/src/Illuminate/Pipeline/Pipeline.php(103): Illuminate\\Pipeline\\Pipeline->Illuminate\\Pipeline\\{closure}()
#53 /var/www/vhosts/emolimo.savvyhost.co/httpdocs/framework/vendor/laravel/framework/src/Illuminate/Foundation/Http/Kernel.php(142): Illuminate\\Pipeline\\Pipeline->then()
#54 /var/www/vhosts/emolimo.savvyhost.co/httpdocs/framework/vendor/laravel/framework/src/Illuminate/Foundation/Http/Kernel.php(111): Illuminate\\Foundation\\Http\\Kernel->sendRequestThroughRouter()
#55 /var/www/vhosts/emolimo.savvyhost.co/httpdocs/index.php(10): Illuminate\\Foundation\\Http\\Kernel->handle()
#56 {main}
"} 
