[2022-07-03 17:01:20] local.ERROR: Validation rule required_if requires at least 2 parameters. {"exception":"[object] (InvalidArgumentException(code: 0): Validation rule required_if requires at least 2 parameters. at /var/www/vhosts/emolimo.savvyhost.co/httpdocs/framework/vendor/laravel/framework/src/Illuminate/Validation/Concerns/ValidatesAttributes.php:2136)
[stacktrace]
#0 /var/www/vhosts/emolimo.savvyhost.co/httpdocs/framework/vendor/laravel/framework/src/Illuminate/Validation/Concerns/ValidatesAttributes.php(1553): Illuminate\\Validation\\Validator->requireParameterCount()
#1 /var/www/vhosts/emolimo.savvyhost.co/httpdocs/framework/vendor/laravel/framework/src/Illuminate/Validation/Validator.php(610): Illuminate\\Validation\\Validator->validateRequiredIf()
#2 /var/www/vhosts/emolimo.savvyhost.co/httpdocs/framework/vendor/laravel/framework/src/Illuminate/Validation/Validator.php(416): Illuminate\\Validation\\Validator->validateAttribute()
#3 /var/www/vhosts/emolimo.savvyhost.co/httpdocs/framework/vendor/laravel/framework/src/Illuminate/Validation/Validator.php(447): Illuminate\\Validation\\Validator->passes()
#4 /var/www/vhosts/emolimo.savvyhost.co/httpdocs/framework/app/Http/Controllers/FrontEnd/HomeController.php(261): Illuminate\\Validation\\Validator->fails()
#5 /var/www/vhosts/emolimo.savvyhost.co/httpdocs/framework/vendor/laravel/framework/src/Illuminate/Routing/Controller.php(54): App\\Http\\Controllers\\FrontEnd\\HomeController->getJourneyData()
#6 /var/www/vhosts/emolimo.savvyhost.co/httpdocs/framework/vendor/laravel/framework/src/Illuminate/Routing/ControllerDispatcher.php(45): Illuminate\\Routing\\Controller->callAction()
#7 /var/www/vhosts/emolimo.savvyhost.co/httpdocs/framework/vendor/laravel/framework/src/Illuminate/Routing/Route.php(262): Illuminate\\Routing\\ControllerDispatcher->dispatch()
#8 /var/www/vhosts/emolimo.savvyhost.co/httpdocs/framework/vendor/laravel/framework/src/Illuminate/Routing/Route.php(205): Illuminate\\Routing\\Route->runController()
#9 /var/www/vhosts/emolimo.savvyhost.co/httpdocs/framework/vendor/laravel/framework/src/Illuminate/Routing/Router.php(721): Illuminate\\Routing\\Route->run()
#10 /var/www/vhosts/emolimo.savvyhost.co/httpdocs/framework/vendor/laravel/framework/src/Illuminate/Pipeline/Pipeline.php(128): Illuminate\\Routing\\Router->Illuminate\\Routing\\{closure}()
#11 /var/www/vhosts/emolimo.savvyhost.co/httpdocs/framework/app/Http/Middleware/CheckFrontEnable.php(31): Illuminate\\Pipeline\\Pipeline->Illuminate\\Pipeline\\{closure}()
#12 /var/www/vhosts/emolimo.savvyhost.co/httpdocs/framework/vendor/laravel/framework/src/Illuminate/Pipeline/Pipeline.php(167): App\\Http\\Middleware\\CheckFrontEnable->handle()
#13 /var/www/vhosts/emolimo.savvyhost.co/httpdocs/framework/app/Http/Middleware/SetLocaleUser.php(36): Illuminate\\Pipeline\\Pipeline->Illuminate\\Pipeline\\{closure}()
#14 /var/www/vhosts/emolimo.savvyhost.co/httpdocs/framework/vendor/laravel/framework/src/Illuminate/Pipeline/Pipeline.php(167): App\\Http\\Middleware\\SetLocaleUser->handle()
#15 /var/www/vhosts/emolimo.savvyhost.co/httpdocs/framework/app/Http/Middleware/IsInstalled.php(31): Illuminate\\Pipeline\\Pipeline->Illuminate\\Pipeline\\{closure}()
#16 /var/www/vhosts/emolimo.savvyhost.co/httpdocs/framework/vendor/laravel/framework/src/Illuminate/Pipeline/Pipeline.php(167): App\\Http\\Middleware\\IsInstalled->handle()
#17 /var/www/vhosts/emolimo.savvyhost.co/httpdocs/framework/vendor/laravel/framework/src/Illuminate/Routing/Middleware/SubstituteBindings.php(50): Illuminate\\Pipeline\\Pipeline->Illuminate\\Pipeline\\{closure}()
#18 /var/www/vhosts/emolimo.savvyhost.co/httpdocs/framework/vendor/laravel/framework/src/Illuminate/Pipeline/Pipeline.php(167): Illuminate\\Routing\\Middleware\\SubstituteBindings->handle()
#19 /var/www/vhosts/emolimo.savvyhost.co/httpdocs/framework/vendor/laravel/framework/src/Illuminate/Foundation/Http/Middleware/VerifyCsrfToken.php(78): Illuminate\\Pipeline\\Pipeline->Illuminate\\Pipeline\\{closure}()
#20 /var/www/vhosts/emolimo.savvyhost.co/httpdocs/framework/vendor/laravel/framework/src/Illuminate/Pipeline/Pipeline.php(167): Illuminate\\Foundation\\Http\\Middleware\\VerifyCsrfToken->handle()
#21 /var/www/vhosts/emolimo.savvyhost.co/httpdocs/framework/vendor/laravel/framework/src/Illuminate/View/Middleware/ShareErrorsFromSession.php(49): Illuminate\\Pipeline\\Pipeline->Illuminate\\Pipeline\\{closure}()
#22 /var/www/vhosts/emolimo.savvyhost.co/httpdocs/framework/vendor/laravel/framework/src/Illuminate/Pipeline/Pipeline.php(167): Illuminate\\View\\Middleware\\ShareErrorsFromSession->handle()
#23 /var/www/vhosts/emolimo.savvyhost.co/httpdocs/framework/vendor/laravel/framework/src/Illuminate/Session/Middleware/StartSession.php(121): Illuminate\\Pipeline\\Pipeline->Illuminate\\Pipeline\\{closure}()
#24 /var/www/vhosts/emolimo.savvyhost.co/httpdocs/framework/vendor/laravel/framework/src/Illuminate/Session/Middleware/StartSession.php(64): Illuminate\\Session\\Middleware\\StartSession->handleStatefulRequest()
#25 /var/www/vhosts/emolimo.savvyhost.co/httpdocs/framework/vendor/laravel/framework/src/Illuminate/Pipeline/Pipeline.php(167): Illuminate\\Session\\Middleware\\StartSession->handle()
#26 /var/www/vhosts/emolimo.savvyhost.co/httpdocs/framework/vendor/laravel/framework/src/Illuminate/Cookie/Middleware/AddQueuedCookiesToResponse.php(37): Illuminate\\Pipeline\\Pipeline->Illuminate\\Pipeline\\{closure}()
#27 /var/www/vhosts/emolimo.savvyhost.co/httpdocs/framework/vendor/laravel/framework/src/Illuminate/Pipeline/Pipeline.php(167): Illuminate\\Cookie\\Middleware\\AddQueuedCookiesToResponse->handle()
#28 /var/www/vhosts/emolimo.savvyhost.co/httpdocs/framework/vendor/laravel/framework/src/Illuminate/Cookie/Middleware/EncryptCookies.php(67): Illuminate\\Pipeline\\Pipeline->Illuminate\\Pipeline\\{closure}()
#29 /var/www/vhosts/emolimo.savvyhost.co/httpdocs/framework/vendor/laravel/framework/src/Illuminate/Pipeline/Pipeline.php(167): Illuminate\\Cookie\\Middleware\\EncryptCookies->handle()
#30 /var/www/vhosts/emolimo.savvyhost.co/httpdocs/framework/vendor/laravel/framework/src/Illuminate/Pipeline/Pipeline.php(103): Illuminate\\Pipeline\\Pipeline->Illuminate\\Pipeline\\{closure}()
#31 /var/www/vhosts/emolimo.savvyhost.co/httpdocs/framework/vendor/laravel/framework/src/Illuminate/Routing/Router.php(723): Illuminate\\Pipeline\\Pipeline->then()
#32 /var/www/vhosts/emolimo.savvyhost.co/httpdocs/framework/vendor/laravel/framework/src/Illuminate/Routing/Router.php(698): Illuminate\\Routing\\Router->runRouteWithinStack()
#33 /var/www/vhosts/emolimo.savvyhost.co/httpdocs/framework/vendor/laravel/framework/src/Illuminate/Routing/Router.php(662): Illuminate\\Routing\\Router->runRoute()
#34 /var/www/vhosts/emolimo.savvyhost.co/httpdocs/framework/vendor/laravel/framework/src/Illuminate/Routing/Router.php(651): Illuminate\\Routing\\Router->dispatchToRoute()
#35 /var/www/vhosts/emolimo.savvyhost.co/httpdocs/framework/vendor/laravel/framework/src/Illuminate/Foundation/Http/Kernel.php(167): Illuminate\\Routing\\Router->dispatch()
#36 /var/www/vhosts/emolimo.savvyhost.co/httpdocs/framework/vendor/laravel/framework/src/Illuminate/Pipeline/Pipeline.php(128): Illuminate\\Foundation\\Http\\Kernel->Illuminate\\Foundation\\Http\\{closure}()
#37 /var/www/vhosts/emolimo.savvyhost.co/httpdocs/framework/vendor/laravel/framework/src/Illuminate/Foundation/Http/Middleware/TransformsRequest.php(21): Illuminate\\Pipeline\\Pipeline->Illuminate\\Pipeline\\{closure}()
#38 /var/www/vhosts/emolimo.savvyhost.co/httpdocs/framework/vendor/laravel/framework/src/Illuminate/Foundation/Http/Middleware/ConvertEmptyStringsToNull.php(31): Illuminate\\Foundation\\Http\\Middleware\\TransformsRequest->handle()
#39 /var/www/vhosts/emolimo.savvyhost.co/httpdocs/framework/vendor/laravel/framework/src/Illuminate/Pipeline/Pipeline.php(167): Illuminate\\Foundation\\Http\\Middleware\\ConvertEmptyStringsToNull->handle()
#40 /var/www/vhosts/emolimo.savvyhost.co/httpdocs/framework/vendor/laravel/framework/src/Illuminate/Foundation/Http/Middleware/TransformsRequest.php(21): Illuminate\\Pipeline\\Pipeline->Illuminate\\Pipeline\\{closure}()
#41 /var/www/vhosts/emolimo.savvyhost.co/httpdocs/framework/vendor/laravel/framework/src/Illuminate/Foundation/Http/Middleware/TrimStrings.php(40): Illuminate\\Foundation\\Http\\Middleware\\TransformsRequest->handle()
#42 /var/www/vhosts/emolimo.savvyhost.co/httpdocs/framework/vendor/laravel/framework/src/Illuminate/Pipeline/Pipeline.php(167): Illuminate\\Foundation\\Http\\Middleware\\TrimStrings->handle()
#43 /var/www/vhosts/emolimo.savvyhost.co/httpdocs/framework/vendor/laravel/framework/src/Illuminate/Foundation/Http/Middleware/ValidatePostSize.php(27): Illuminate\\Pipeline\\Pipeline->Illuminate\\Pipeline\\{closure}()
#44 /var/www/vhosts/emolimo.savvyhost.co/httpdocs/framework/vendor/laravel/framework/src/Illuminate/Pipeline/Pipeline.php(167): Illuminate\\Foundation\\Http\\Middleware\\ValidatePostSize->handle()
#45 /var/www/vhosts/emolimo.savvyhost.co/httpdocs/framework/vendor/laravel/framework/src/Illuminate/Foundation/Http/Middleware/PreventRequestsDuringMaintenance.php(86): Illuminate\\Pipeline\\Pipeline->Illuminate\\Pipeline\\{closure}()
#46 /var/www/vhosts/emolimo.savvyhost.co/httpdocs/framework/vendor/laravel/framework/src/Illuminate/Pipeline/Pipeline.php(167): Illuminate\\Foundation\\Http\\Middleware\\PreventRequestsDuringMaintenance->handle()
#47 /var/www/vhosts/emolimo.savvyhost.co/httpdocs/framework/vendor/laravel/framework/src/Illuminate/Pipeline/Pipeline.php(103): Illuminate\\Pipeline\\Pipeline->Illuminate\\Pipeline\\{closure}()
#48 /var/www/vhosts/emolimo.savvyhost.co/httpdocs/framework/vendor/laravel/framework/src/Illuminate/Foundation/Http/Kernel.php(142): Illuminate\\Pipeline\\Pipeline->then()
#49 /var/www/vhosts/emolimo.savvyhost.co/httpdocs/framework/vendor/laravel/framework/src/Illuminate/Foundation/Http/Kernel.php(111): Illuminate\\Foundation\\Http\\Kernel->sendRequestThroughRouter()
#50 /var/www/vhosts/emolimo.savvyhost.co/httpdocs/index.php(10): Illuminate\\Foundation\\Http\\Kernel->handle()
#51 {main}
"} 
